{"uuid":"1c368e75-fd56-46ee-bd8d-d56cdb255da2","historyId":"6567a4186d4f58d6967b439b9db7150f","fullName":"src/test/resources/Features/A-Register.feature:4","labels":[{"name":"tag","value":"TC_L_01"},{"name":"host","value":"MyPc"},{"name":"thread","value":"7892@MyPc.main(1)"},{"name":"feature","value":"feature to genetare registration"},{"name":"story","value":"create login page"},{"name":"suite","value":"feature to genetare registration"},{"name":"testClass","value":"create login page"},{"name":"framework","value":"cucumber4jvm"},{"name":"language","value":"java"},{"name":"gherkin_uri","value":"file:///E:/Vijetha_Selenium/Code/gitmastercode/NinjaTesters_BDD/src/test/resources/Features/A-Register.feature"},{"name":"package","value":"src.test.resources.Features.A-Register_feature.feature to genetare registration"}],"links":[],"name":"create login page","status":"broken","statusDetails":{"known":false,"muted":false,"flaky":false,"message":"invalid selector: Unable to locate an element with the xpath expression //div[@id='navbarCollapse']//div// because of the following error:\nSyntaxError: Failed to execute 'evaluate' on 'Document': The string '//div[@id='navbarCollapse']//div//' is not a valid XPath expression.\n  (Session info: chrome=109.0.5414.168)\nFor documentation on this error, please visit: https://www.selenium.dev/documentation/webdriver/troubleshooting/errors#invalid-selector-exception\nBuild info: version: '4.15.0', revision: '1d14b5521b'\nSystem info: os.name: 'Windows 8.1', os.arch: 'amd64', os.version: '6.3', java.version: '21'\nDriver info: org.openqa.selenium.chrome.ChromeDriver\nCommand: [d4415563a96d7f3a76f0ee1540dac9ce, findElement {using=xpath, value=//div[@id='navbarCollapse']//div//}]\nCapabilities {acceptInsecureCerts: false, browserName: chrome, browserVersion: 109.0.5414.168, chrome: {chromedriverVersion: 109.0.5414.74 (e7c5703604da..., userDataDir: C:\\Users\\sateesh\\AppData\\Lo...}, goog:chromeOptions: {debuggerAddress: localhost:52473}, networkConnectionEnabled: false, pageLoadStrategy: normal, platformName: windows, proxy: Proxy(), se:cdp: ws://localhost:52473/devtoo..., se:cdpVersion: 109.0.5414.168, setWindowRect: true, strictFileInteractability: false, timeouts: {implicit: 0, pageLoad: 300000, script: 30000}, unhandledPromptBehavior: dismiss and notify, webauthn:extension:credBlob: true, webauthn:extension:largeBlob: true, webauthn:virtualAuthenticators: true}\nSession ID: d4415563a96d7f3a76f0ee1540dac9ce","trace":"org.openqa.selenium.InvalidSelectorException: invalid selector: Unable to locate an element with the xpath expression //div[@id='navbarCollapse']//div// because of the following error:\nSyntaxError: Failed to execute 'evaluate' on 'Document': The string '//div[@id='navbarCollapse']//div//' is not a valid XPath expression.\n  (Session info: chrome=109.0.5414.168)\nFor documentation on this error, please visit: https://www.selenium.dev/documentation/webdriver/troubleshooting/errors#invalid-selector-exception\nBuild info: version: '4.15.0', revision: '1d14b5521b'\nSystem info: os.name: 'Windows 8.1', os.arch: 'amd64', os.version: '6.3', java.version: '21'\nDriver info: org.openqa.selenium.chrome.ChromeDriver\nCommand: [d4415563a96d7f3a76f0ee1540dac9ce, findElement {using=xpath, value=//div[@id='navbarCollapse']//div//}]\nCapabilities {acceptInsecureCerts: false, browserName: chrome, browserVersion: 109.0.5414.168, chrome: {chromedriverVersion: 109.0.5414.74 (e7c5703604da..., userDataDir: C:\\Users\\sateesh\\AppData\\Lo...}, goog:chromeOptions: {debuggerAddress: localhost:52473}, networkConnectionEnabled: false, pageLoadStrategy: normal, platformName: windows, proxy: Proxy(), se:cdp: ws://localhost:52473/devtoo..., se:cdpVersion: 109.0.5414.168, setWindowRect: true, strictFileInteractability: false, timeouts: {implicit: 0, pageLoad: 300000, script: 30000}, unhandledPromptBehavior: dismiss and notify, webauthn:extension:credBlob: true, webauthn:extension:largeBlob: true, webauthn:virtualAuthenticators: true}\nSession ID: d4415563a96d7f3a76f0ee1540dac9ce\r\n\tat java.base/jdk.internal.reflect.DirectConstructorHandleAccessor.newInstance(DirectConstructorHandleAccessor.java:62)\r\n\tat java.base/java.lang.reflect.Constructor.newInstanceWithCaller(Constructor.java:502)\r\n\tat java.base/java.lang.reflect.Constructor.newInstance(Constructor.java:486)\r\n\tat org.openqa.selenium.remote.codec.w3c.W3CHttpResponseCodec.createException(W3CHttpResponseCodec.java:200)\r\n\tat org.openqa.selenium.remote.codec.w3c.W3CHttpResponseCodec.decode(W3CHttpResponseCodec.java:133)\r\n\tat org.openqa.selenium.remote.codec.w3c.W3CHttpResponseCodec.decode(W3CHttpResponseCodec.java:52)\r\n\tat org.openqa.selenium.remote.HttpCommandExecutor.execute(HttpCommandExecutor.java:191)\r\n\tat org.openqa.selenium.remote.service.DriverCommandExecutor.invokeExecute(DriverCommandExecutor.java:200)\r\n\tat org.openqa.selenium.remote.service.DriverCommandExecutor.execute(DriverCommandExecutor.java:175)\r\n\tat org.openqa.selenium.remote.RemoteWebDriver.execute(RemoteWebDriver.java:607)\r\n\tat org.openqa.selenium.remote.ElementLocation$ElementFinder$2.findElement(ElementLocation.java:165)\r\n\tat org.openqa.selenium.remote.ElementLocation.findElement(ElementLocation.java:59)\r\n\tat org.openqa.selenium.remote.RemoteWebDriver.findElement(RemoteWebDriver.java:364)\r\n\tat org.openqa.selenium.remote.RemoteWebDriver.findElement(RemoteWebDriver.java:358)\r\n\tat pageobject.pages.Registerpage.isDatastructureExist(Registerpage.java:47)\r\n\tat stepdefination.Register.the_user_on_homepage(Register.java:34)\r\n\tat ✽.The user on  homepage(file:///E:/Vijetha_Selenium/Code/gitmastercode/NinjaTesters_BDD/src/test/resources/Features/A-Register.feature:7)\r\n"},"stage":"finished","steps":[{"name":"Given  User opens the Ds Algo portal link","status":"passed","statusDetails":{"known":false,"muted":false,"flaky":false},"stage":"finished","steps":[],"attachments":[],"parameters":[],"start":1703016597658,"stop":1703016598597},{"name":"When  The user clicks the Get Started button","status":"passed","statusDetails":{"known":false,"muted":false,"flaky":false},"stage":"finished","steps":[],"attachments":[],"parameters":[],"start":1703016598602,"stop":1703016600457},{"name":"Then  The user on  homepage","status":"broken","statusDetails":{"known":false,"muted":false,"flaky":false,"message":"invalid selector: Unable to locate an element with the xpath expression //div[@id='navbarCollapse']//div// because of the following error:\nSyntaxError: Failed to execute 'evaluate' on 'Document': The string '//div[@id='navbarCollapse']//div//' is not a valid XPath expression.\n  (Session info: chrome=109.0.5414.168)\nFor documentation on this error, please visit: https://www.selenium.dev/documentation/webdriver/troubleshooting/errors#invalid-selector-exception\nBuild info: version: '4.15.0', revision: '1d14b5521b'\nSystem info: os.name: 'Windows 8.1', os.arch: 'amd64', os.version: '6.3', java.version: '21'\nDriver info: org.openqa.selenium.chrome.ChromeDriver\nCommand: [d4415563a96d7f3a76f0ee1540dac9ce, findElement {using=xpath, value=//div[@id='navbarCollapse']//div//}]\nCapabilities {acceptInsecureCerts: false, browserName: chrome, browserVersion: 109.0.5414.168, chrome: {chromedriverVersion: 109.0.5414.74 (e7c5703604da..., userDataDir: C:\\Users\\sateesh\\AppData\\Lo...}, goog:chromeOptions: {debuggerAddress: localhost:52473}, networkConnectionEnabled: false, pageLoadStrategy: normal, platformName: windows, proxy: Proxy(), se:cdp: ws://localhost:52473/devtoo..., se:cdpVersion: 109.0.5414.168, setWindowRect: true, strictFileInteractability: false, timeouts: {implicit: 0, pageLoad: 300000, script: 30000}, unhandledPromptBehavior: dismiss and notify, webauthn:extension:credBlob: true, webauthn:extension:largeBlob: true, webauthn:virtualAuthenticators: true}\nSession ID: d4415563a96d7f3a76f0ee1540dac9ce","trace":"org.openqa.selenium.InvalidSelectorException: invalid selector: Unable to locate an element with the xpath expression //div[@id='navbarCollapse']//div// because of the following error:\nSyntaxError: Failed to execute 'evaluate' on 'Document': The string '//div[@id='navbarCollapse']//div//' is not a valid XPath expression.\n  (Session info: chrome=109.0.5414.168)\nFor documentation on this error, please visit: https://www.selenium.dev/documentation/webdriver/troubleshooting/errors#invalid-selector-exception\nBuild info: version: '4.15.0', revision: '1d14b5521b'\nSystem info: os.name: 'Windows 8.1', os.arch: 'amd64', os.version: '6.3', java.version: '21'\nDriver info: org.openqa.selenium.chrome.ChromeDriver\nCommand: [d4415563a96d7f3a76f0ee1540dac9ce, findElement {using=xpath, value=//div[@id='navbarCollapse']//div//}]\nCapabilities {acceptInsecureCerts: false, browserName: chrome, browserVersion: 109.0.5414.168, chrome: {chromedriverVersion: 109.0.5414.74 (e7c5703604da..., userDataDir: C:\\Users\\sateesh\\AppData\\Lo...}, goog:chromeOptions: {debuggerAddress: localhost:52473}, networkConnectionEnabled: false, pageLoadStrategy: normal, platformName: windows, proxy: Proxy(), se:cdp: ws://localhost:52473/devtoo..., se:cdpVersion: 109.0.5414.168, setWindowRect: true, strictFileInteractability: false, timeouts: {implicit: 0, pageLoad: 300000, script: 30000}, unhandledPromptBehavior: dismiss and notify, webauthn:extension:credBlob: true, webauthn:extension:largeBlob: true, webauthn:virtualAuthenticators: true}\nSession ID: d4415563a96d7f3a76f0ee1540dac9ce\r\n\tat java.base/jdk.internal.reflect.DirectConstructorHandleAccessor.newInstance(DirectConstructorHandleAccessor.java:62)\r\n\tat java.base/java.lang.reflect.Constructor.newInstanceWithCaller(Constructor.java:502)\r\n\tat java.base/java.lang.reflect.Constructor.newInstance(Constructor.java:486)\r\n\tat org.openqa.selenium.remote.codec.w3c.W3CHttpResponseCodec.createException(W3CHttpResponseCodec.java:200)\r\n\tat org.openqa.selenium.remote.codec.w3c.W3CHttpResponseCodec.decode(W3CHttpResponseCodec.java:133)\r\n\tat org.openqa.selenium.remote.codec.w3c.W3CHttpResponseCodec.decode(W3CHttpResponseCodec.java:52)\r\n\tat org.openqa.selenium.remote.HttpCommandExecutor.execute(HttpCommandExecutor.java:191)\r\n\tat org.openqa.selenium.remote.service.DriverCommandExecutor.invokeExecute(DriverCommandExecutor.java:200)\r\n\tat org.openqa.selenium.remote.service.DriverCommandExecutor.execute(DriverCommandExecutor.java:175)\r\n\tat org.openqa.selenium.remote.RemoteWebDriver.execute(RemoteWebDriver.java:607)\r\n\tat org.openqa.selenium.remote.ElementLocation$ElementFinder$2.findElement(ElementLocation.java:165)\r\n\tat org.openqa.selenium.remote.ElementLocation.findElement(ElementLocation.java:59)\r\n\tat org.openqa.selenium.remote.RemoteWebDriver.findElement(RemoteWebDriver.java:364)\r\n\tat org.openqa.selenium.remote.RemoteWebDriver.findElement(RemoteWebDriver.java:358)\r\n\tat pageobject.pages.Registerpage.isDatastructureExist(Registerpage.java:47)\r\n\tat stepdefination.Register.the_user_on_homepage(Register.java:34)\r\n\tat ✽.The user on  homepage(file:///E:/Vijetha_Selenium/Code/gitmastercode/NinjaTesters_BDD/src/test/resources/Features/A-Register.feature:7)\r\n"},"stage":"finished","steps":[],"attachments":[],"parameters":[],"start":1703016600459,"stop":1703016600535}],"attachments":[],"parameters":[],"start":1703016582363,"stop":1703016603184}