{"uuid":"7363f8e0-0e86-4a28-93f8-138dcc354732","historyId":"6567a4186d4f58d6967b439b9db7150f","fullName":"src/test/resources/Features/A-Register.feature:4","labels":[{"name":"tag","value":"TC_L_01"},{"name":"host","value":"MyPc"},{"name":"thread","value":"7040@MyPc.main(1)"},{"name":"feature","value":"feature to genetare registration"},{"name":"story","value":"create login page"},{"name":"suite","value":"feature to genetare registration"},{"name":"testClass","value":"create login page"},{"name":"framework","value":"cucumber4jvm"},{"name":"language","value":"java"},{"name":"gherkin_uri","value":"file:///E:/Vijetha_Selenium/Code/gitcode/NinjaTesters_BDD/src/test/resources/Features/A-Register.feature"},{"name":"package","value":"src.test.resources.Features.A-Register_feature.feature to genetare registration"}],"links":[],"name":"create login page","status":"broken","statusDetails":{"known":false,"muted":false,"flaky":false,"message":"invalid selector: Unable to locate an element with the xpath expression //div[@id='navbarCollapse']//div// because of the following error:\nSyntaxError: Failed to execute 'evaluate' on 'Document': The string '//div[@id='navbarCollapse']//div//' is not a valid XPath expression.\n  (Session info: MicrosoftEdge=109.0.1518.140)\nFor documentation on this error, please visit: https://www.selenium.dev/documentation/webdriver/troubleshooting/errors#invalid-selector-exception\nBuild info: version: '4.15.0', revision: '1d14b5521b'\nSystem info: os.name: 'Windows 8.1', os.arch: 'amd64', os.version: '6.3', java.version: '21'\nDriver info: org.openqa.selenium.edge.EdgeDriver\nCommand: [0f46cd3f8ef5e8e78497e327d2a55643, findElement {using=xpath, value=//div[@id='navbarCollapse']//div//}]\nCapabilities {acceptInsecureCerts: false, browserName: msedge, browserVersion: 109.0.1518.140, ms:edgeOptions: {debuggerAddress: localhost:52401}, msedge: {msedgedriverVersion: 109.0.1518.78 (4e4b32c38163..., userDataDir: C:\\Users\\sateesh\\AppData\\Lo...}, networkConnectionEnabled: false, pageLoadStrategy: normal, platformName: windows, proxy: Proxy(), se:cdp: ws://localhost:52401/devtoo..., se:cdpVersion: 109.0.1518.140, setWindowRect: true, strictFileInteractability: false, timeouts: {implicit: 0, pageLoad: 300000, script: 30000}, unhandledPromptBehavior: dismiss and notify, webauthn:extension:credBlob: true, webauthn:extension:largeBlob: true, webauthn:virtualAuthenticators: true}\nSession ID: 0f46cd3f8ef5e8e78497e327d2a55643","trace":"org.openqa.selenium.InvalidSelectorException: invalid selector: Unable to locate an element with the xpath expression //div[@id='navbarCollapse']//div// because of the following error:\nSyntaxError: Failed to execute 'evaluate' on 'Document': The string '//div[@id='navbarCollapse']//div//' is not a valid XPath expression.\n  (Session info: MicrosoftEdge=109.0.1518.140)\nFor documentation on this error, please visit: https://www.selenium.dev/documentation/webdriver/troubleshooting/errors#invalid-selector-exception\nBuild info: version: '4.15.0', revision: '1d14b5521b'\nSystem info: os.name: 'Windows 8.1', os.arch: 'amd64', os.version: '6.3', java.version: '21'\nDriver info: org.openqa.selenium.edge.EdgeDriver\nCommand: [0f46cd3f8ef5e8e78497e327d2a55643, findElement {using=xpath, value=//div[@id='navbarCollapse']//div//}]\nCapabilities {acceptInsecureCerts: false, browserName: msedge, browserVersion: 109.0.1518.140, ms:edgeOptions: {debuggerAddress: localhost:52401}, msedge: {msedgedriverVersion: 109.0.1518.78 (4e4b32c38163..., userDataDir: C:\\Users\\sateesh\\AppData\\Lo...}, networkConnectionEnabled: false, pageLoadStrategy: normal, platformName: windows, proxy: Proxy(), se:cdp: ws://localhost:52401/devtoo..., se:cdpVersion: 109.0.1518.140, setWindowRect: true, strictFileInteractability: false, timeouts: {implicit: 0, pageLoad: 300000, script: 30000}, unhandledPromptBehavior: dismiss and notify, webauthn:extension:credBlob: true, webauthn:extension:largeBlob: true, webauthn:virtualAuthenticators: true}\nSession ID: 0f46cd3f8ef5e8e78497e327d2a55643\r\n\tat java.base/jdk.internal.reflect.DirectConstructorHandleAccessor.newInstance(DirectConstructorHandleAccessor.java:62)\r\n\tat java.base/java.lang.reflect.Constructor.newInstanceWithCaller(Constructor.java:502)\r\n\tat java.base/java.lang.reflect.Constructor.newInstance(Constructor.java:486)\r\n\tat org.openqa.selenium.remote.codec.w3c.W3CHttpResponseCodec.createException(W3CHttpResponseCodec.java:200)\r\n\tat org.openqa.selenium.remote.codec.w3c.W3CHttpResponseCodec.decode(W3CHttpResponseCodec.java:133)\r\n\tat org.openqa.selenium.remote.codec.w3c.W3CHttpResponseCodec.decode(W3CHttpResponseCodec.java:52)\r\n\tat org.openqa.selenium.remote.HttpCommandExecutor.execute(HttpCommandExecutor.java:191)\r\n\tat org.openqa.selenium.remote.service.DriverCommandExecutor.invokeExecute(DriverCommandExecutor.java:200)\r\n\tat org.openqa.selenium.remote.service.DriverCommandExecutor.execute(DriverCommandExecutor.java:175)\r\n\tat org.openqa.selenium.remote.RemoteWebDriver.execute(RemoteWebDriver.java:607)\r\n\tat org.openqa.selenium.remote.ElementLocation$ElementFinder$2.findElement(ElementLocation.java:165)\r\n\tat org.openqa.selenium.remote.ElementLocation.findElement(ElementLocation.java:59)\r\n\tat org.openqa.selenium.remote.RemoteWebDriver.findElement(RemoteWebDriver.java:364)\r\n\tat org.openqa.selenium.remote.RemoteWebDriver.findElement(RemoteWebDriver.java:358)\r\n\tat pageobject.pages.Registerpage.isDatastructureExist(Registerpage.java:47)\r\n\tat stepdefination.Register.the_user_on_homepage(Register.java:34)\r\n\tat ✽.The user on  homepage(file:///E:/Vijetha_Selenium/Code/gitcode/NinjaTesters_BDD/src/test/resources/Features/A-Register.feature:7)\r\n"},"stage":"finished","steps":[{"name":"Given  User opens the Ds Algo portal link","status":"passed","statusDetails":{"known":false,"muted":false,"flaky":false},"stage":"finished","steps":[],"attachments":[],"parameters":[],"start":1702784803898,"stop":1702784804877},{"name":"When  The user clicks the Get Started button","status":"passed","statusDetails":{"known":false,"muted":false,"flaky":false},"stage":"finished","steps":[],"attachments":[],"parameters":[],"start":1702784804878,"stop":1702784806135},{"name":"Then  The user on  homepage","status":"broken","statusDetails":{"known":false,"muted":false,"flaky":false,"message":"invalid selector: Unable to locate an element with the xpath expression //div[@id='navbarCollapse']//div// because of the following error:\nSyntaxError: Failed to execute 'evaluate' on 'Document': The string '//div[@id='navbarCollapse']//div//' is not a valid XPath expression.\n  (Session info: MicrosoftEdge=109.0.1518.140)\nFor documentation on this error, please visit: https://www.selenium.dev/documentation/webdriver/troubleshooting/errors#invalid-selector-exception\nBuild info: version: '4.15.0', revision: '1d14b5521b'\nSystem info: os.name: 'Windows 8.1', os.arch: 'amd64', os.version: '6.3', java.version: '21'\nDriver info: org.openqa.selenium.edge.EdgeDriver\nCommand: [0f46cd3f8ef5e8e78497e327d2a55643, findElement {using=xpath, value=//div[@id='navbarCollapse']//div//}]\nCapabilities {acceptInsecureCerts: false, browserName: msedge, browserVersion: 109.0.1518.140, ms:edgeOptions: {debuggerAddress: localhost:52401}, msedge: {msedgedriverVersion: 109.0.1518.78 (4e4b32c38163..., userDataDir: C:\\Users\\sateesh\\AppData\\Lo...}, networkConnectionEnabled: false, pageLoadStrategy: normal, platformName: windows, proxy: Proxy(), se:cdp: ws://localhost:52401/devtoo..., se:cdpVersion: 109.0.1518.140, setWindowRect: true, strictFileInteractability: false, timeouts: {implicit: 0, pageLoad: 300000, script: 30000}, unhandledPromptBehavior: dismiss and notify, webauthn:extension:credBlob: true, webauthn:extension:largeBlob: true, webauthn:virtualAuthenticators: true}\nSession ID: 0f46cd3f8ef5e8e78497e327d2a55643","trace":"org.openqa.selenium.InvalidSelectorException: invalid selector: Unable to locate an element with the xpath expression //div[@id='navbarCollapse']//div// because of the following error:\nSyntaxError: Failed to execute 'evaluate' on 'Document': The string '//div[@id='navbarCollapse']//div//' is not a valid XPath expression.\n  (Session info: MicrosoftEdge=109.0.1518.140)\nFor documentation on this error, please visit: https://www.selenium.dev/documentation/webdriver/troubleshooting/errors#invalid-selector-exception\nBuild info: version: '4.15.0', revision: '1d14b5521b'\nSystem info: os.name: 'Windows 8.1', os.arch: 'amd64', os.version: '6.3', java.version: '21'\nDriver info: org.openqa.selenium.edge.EdgeDriver\nCommand: [0f46cd3f8ef5e8e78497e327d2a55643, findElement {using=xpath, value=//div[@id='navbarCollapse']//div//}]\nCapabilities {acceptInsecureCerts: false, browserName: msedge, browserVersion: 109.0.1518.140, ms:edgeOptions: {debuggerAddress: localhost:52401}, msedge: {msedgedriverVersion: 109.0.1518.78 (4e4b32c38163..., userDataDir: C:\\Users\\sateesh\\AppData\\Lo...}, networkConnectionEnabled: false, pageLoadStrategy: normal, platformName: windows, proxy: Proxy(), se:cdp: ws://localhost:52401/devtoo..., se:cdpVersion: 109.0.1518.140, setWindowRect: true, strictFileInteractability: false, timeouts: {implicit: 0, pageLoad: 300000, script: 30000}, unhandledPromptBehavior: dismiss and notify, webauthn:extension:credBlob: true, webauthn:extension:largeBlob: true, webauthn:virtualAuthenticators: true}\nSession ID: 0f46cd3f8ef5e8e78497e327d2a55643\r\n\tat java.base/jdk.internal.reflect.DirectConstructorHandleAccessor.newInstance(DirectConstructorHandleAccessor.java:62)\r\n\tat java.base/java.lang.reflect.Constructor.newInstanceWithCaller(Constructor.java:502)\r\n\tat java.base/java.lang.reflect.Constructor.newInstance(Constructor.java:486)\r\n\tat org.openqa.selenium.remote.codec.w3c.W3CHttpResponseCodec.createException(W3CHttpResponseCodec.java:200)\r\n\tat org.openqa.selenium.remote.codec.w3c.W3CHttpResponseCodec.decode(W3CHttpResponseCodec.java:133)\r\n\tat org.openqa.selenium.remote.codec.w3c.W3CHttpResponseCodec.decode(W3CHttpResponseCodec.java:52)\r\n\tat org.openqa.selenium.remote.HttpCommandExecutor.execute(HttpCommandExecutor.java:191)\r\n\tat org.openqa.selenium.remote.service.DriverCommandExecutor.invokeExecute(DriverCommandExecutor.java:200)\r\n\tat org.openqa.selenium.remote.service.DriverCommandExecutor.execute(DriverCommandExecutor.java:175)\r\n\tat org.openqa.selenium.remote.RemoteWebDriver.execute(RemoteWebDriver.java:607)\r\n\tat org.openqa.selenium.remote.ElementLocation$ElementFinder$2.findElement(ElementLocation.java:165)\r\n\tat org.openqa.selenium.remote.ElementLocation.findElement(ElementLocation.java:59)\r\n\tat org.openqa.selenium.remote.RemoteWebDriver.findElement(RemoteWebDriver.java:364)\r\n\tat org.openqa.selenium.remote.RemoteWebDriver.findElement(RemoteWebDriver.java:358)\r\n\tat pageobject.pages.Registerpage.isDatastructureExist(Registerpage.java:47)\r\n\tat stepdefination.Register.the_user_on_homepage(Register.java:34)\r\n\tat ✽.The user on  homepage(file:///E:/Vijetha_Selenium/Code/gitcode/NinjaTesters_BDD/src/test/resources/Features/A-Register.feature:7)\r\n"},"stage":"finished","steps":[],"attachments":[],"parameters":[],"start":1702784806137,"stop":1702784806264}],"attachments":[],"parameters":[],"start":1702784764332,"stop":1702784807876}